{"/app/packages/core/src/agents/base-agent.ts": {"path":"/app/packages/core/src/agents/base-agent.ts","all":false,"statementMap":{"0":{"start":{"line":1,"column":0},"end":{"line":1,"column":79}},"1":{"start":{"line":2,"column":0},"end":{"line":2,"column":26}},"2":{"start":{"line":3,"column":0},"end":{"line":3,"column":49}},"3":{"start":{"line":4,"column":0},"end":{"line":4,"column":79}},"4":{"start":{"line":5,"column":0},"end":{"line":5,"column":0}},"5":{"start":{"line":6,"column":0},"end":{"line":6,"column":36}},"6":{"start":{"line":7,"column":0},"end":{"line":7,"column":8}},"7":{"start":{"line":8,"column":0},"end":{"line":8,"column":14}},"8":{"start":{"line":9,"column":0},"end":{"line":9,"column":16}},"9":{"start":{"line":10,"column":0},"end":{"line":10,"column":16}},"10":{"start":{"line":11,"column":0},"end":{"line":11,"column":21}},"11":{"start":{"line":12,"column":0},"end":{"line":12,"column":28}},"12":{"start":{"line":13,"column":0},"end":{"line":13,"column":57}},"13":{"start":{"line":14,"column":0},"end":{"line":14,"column":78}},"14":{"start":{"line":15,"column":0},"end":{"line":15,"column":0}},"15":{"start":{"line":16,"column":0},"end":{"line":16,"column":30}},"16":{"start":{"line":17,"column":0},"end":{"line":17,"column":20}},"17":{"start":{"line":18,"column":0},"end":{"line":18,"column":17}},"18":{"start":{"line":19,"column":0},"end":{"line":19,"column":24}},"19":{"start":{"line":20,"column":0},"end":{"line":20,"column":23}},"20":{"start":{"line":21,"column":0},"end":{"line":21,"column":22}},"21":{"start":{"line":22,"column":0},"end":{"line":22,"column":1}},"22":{"start":{"line":23,"column":0},"end":{"line":23,"column":0}},"23":{"start":{"line":24,"column":0},"end":{"line":24,"column":31}},"24":{"start":{"line":25,"column":0},"end":{"line":25,"column":29}},"25":{"start":{"line":26,"column":0},"end":{"line":26,"column":22}},"26":{"start":{"line":27,"column":0},"end":{"line":27,"column":35}},"27":{"start":{"line":28,"column":0},"end":{"line":28,"column":39}},"28":{"start":{"line":29,"column":0},"end":{"line":29,"column":1}},"29":{"start":{"line":30,"column":0},"end":{"line":30,"column":0}},"30":{"start":{"line":31,"column":0},"end":{"line":31,"column":33}},"31":{"start":{"line":32,"column":0},"end":{"line":32,"column":29}},"32":{"start":{"line":33,"column":0},"end":{"line":33,"column":26}},"33":{"start":{"line":34,"column":0},"end":{"line":34,"column":33}},"34":{"start":{"line":35,"column":0},"end":{"line":35,"column":0}},"35":{"start":{"line":36,"column":0},"end":{"line":36,"column":43}},"36":{"start":{"line":37,"column":0},"end":{"line":37,"column":40}},"37":{"start":{"line":38,"column":0},"end":{"line":38,"column":34}},"38":{"start":{"line":39,"column":0},"end":{"line":39,"column":44}},"39":{"start":{"line":40,"column":0},"end":{"line":40,"column":49}},"40":{"start":{"line":41,"column":0},"end":{"line":41,"column":0}},"41":{"start":{"line":42,"column":0},"end":{"line":42,"column":88}},"42":{"start":{"line":43,"column":0},"end":{"line":43,"column":32}},"43":{"start":{"line":44,"column":0},"end":{"line":44,"column":32}},"44":{"start":{"line":45,"column":0},"end":{"line":45,"column":46}},"45":{"start":{"line":46,"column":0},"end":{"line":46,"column":29}},"46":{"start":{"line":47,"column":0},"end":{"line":47,"column":29}},"47":{"start":{"line":48,"column":0},"end":{"line":48,"column":31}},"48":{"start":{"line":49,"column":0},"end":{"line":49,"column":5}},"49":{"start":{"line":50,"column":0},"end":{"line":50,"column":0}},"50":{"start":{"line":51,"column":0},"end":{"line":51,"column":7}},"51":{"start":{"line":52,"column":0},"end":{"line":52,"column":37}},"52":{"start":{"line":53,"column":0},"end":{"line":53,"column":7}},"53":{"start":{"line":54,"column":0},"end":{"line":54,"column":40}},"54":{"start":{"line":55,"column":0},"end":{"line":55,"column":23}},"55":{"start":{"line":56,"column":0},"end":{"line":56,"column":5}},"56":{"start":{"line":57,"column":0},"end":{"line":57,"column":0}},"57":{"start":{"line":58,"column":0},"end":{"line":58,"column":7}},"58":{"start":{"line":59,"column":0},"end":{"line":59,"column":32}},"59":{"start":{"line":60,"column":0},"end":{"line":60,"column":7}},"60":{"start":{"line":61,"column":0},"end":{"line":61,"column":23}},"61":{"start":{"line":62,"column":0},"end":{"line":62,"column":33}},"62":{"start":{"line":63,"column":0},"end":{"line":63,"column":5}},"63":{"start":{"line":64,"column":0},"end":{"line":64,"column":0}},"64":{"start":{"line":65,"column":0},"end":{"line":65,"column":7}},"65":{"start":{"line":66,"column":0},"end":{"line":66,"column":46}},"66":{"start":{"line":67,"column":0},"end":{"line":67,"column":7}},"67":{"start":{"line":68,"column":0},"end":{"line":68,"column":28}},"68":{"start":{"line":69,"column":0},"end":{"line":69,"column":29}},"69":{"start":{"line":70,"column":0},"end":{"line":70,"column":26}},"70":{"start":{"line":71,"column":0},"end":{"line":71,"column":29}},"71":{"start":{"line":72,"column":0},"end":{"line":72,"column":24}},"72":{"start":{"line":73,"column":0},"end":{"line":73,"column":72}},"73":{"start":{"line":74,"column":0},"end":{"line":74,"column":9}},"74":{"start":{"line":75,"column":0},"end":{"line":75,"column":0}},"75":{"start":{"line":76,"column":0},"end":{"line":76,"column":40}},"76":{"start":{"line":77,"column":0},"end":{"line":77,"column":54}},"77":{"start":{"line":78,"column":0},"end":{"line":78,"column":50}},"78":{"start":{"line":79,"column":0},"end":{"line":79,"column":10}},"79":{"start":{"line":80,"column":0},"end":{"line":80,"column":0}},"80":{"start":{"line":81,"column":0},"end":{"line":81,"column":39}},"81":{"start":{"line":82,"column":0},"end":{"line":82,"column":5}},"82":{"start":{"line":83,"column":0},"end":{"line":83,"column":0}},"83":{"start":{"line":84,"column":0},"end":{"line":84,"column":7}},"84":{"start":{"line":85,"column":0},"end":{"line":85,"column":70}},"85":{"start":{"line":86,"column":0},"end":{"line":86,"column":7}},"86":{"start":{"line":87,"column":0},"end":{"line":87,"column":64}},"87":{"start":{"line":88,"column":0},"end":{"line":88,"column":13}},"88":{"start":{"line":89,"column":0},"end":{"line":89,"column":72}},"89":{"start":{"line":90,"column":0},"end":{"line":90,"column":50}},"90":{"start":{"line":91,"column":0},"end":{"line":91,"column":76}},"91":{"start":{"line":92,"column":0},"end":{"line":92,"column":28}},"92":{"start":{"line":93,"column":0},"end":{"line":93,"column":46}},"93":{"start":{"line":94,"column":0},"end":{"line":94,"column":13}},"94":{"start":{"line":95,"column":0},"end":{"line":95,"column":44}},"95":{"start":{"line":96,"column":0},"end":{"line":96,"column":17}},"96":{"start":{"line":97,"column":0},"end":{"line":97,"column":62}},"97":{"start":{"line":98,"column":0},"end":{"line":98,"column":24}},"98":{"start":{"line":99,"column":0},"end":{"line":99,"column":9}},"99":{"start":{"line":100,"column":0},"end":{"line":100,"column":5}},"100":{"start":{"line":101,"column":0},"end":{"line":101,"column":0}},"101":{"start":{"line":102,"column":0},"end":{"line":102,"column":7}},"102":{"start":{"line":103,"column":0},"end":{"line":103,"column":31}},"103":{"start":{"line":104,"column":0},"end":{"line":104,"column":7}},"104":{"start":{"line":105,"column":0},"end":{"line":105,"column":30}},"105":{"start":{"line":106,"column":0},"end":{"line":106,"column":27}},"106":{"start":{"line":107,"column":0},"end":{"line":107,"column":5}},"107":{"start":{"line":108,"column":0},"end":{"line":108,"column":0}},"108":{"start":{"line":109,"column":0},"end":{"line":109,"column":7}},"109":{"start":{"line":110,"column":0},"end":{"line":110,"column":40}},"110":{"start":{"line":111,"column":0},"end":{"line":111,"column":7}},"111":{"start":{"line":112,"column":0},"end":{"line":112,"column":35}},"112":{"start":{"line":113,"column":0},"end":{"line":113,"column":35}},"113":{"start":{"line":114,"column":0},"end":{"line":114,"column":5}},"114":{"start":{"line":115,"column":0},"end":{"line":115,"column":0}},"115":{"start":{"line":116,"column":0},"end":{"line":116,"column":7}},"116":{"start":{"line":117,"column":0},"end":{"line":117,"column":42}},"117":{"start":{"line":118,"column":0},"end":{"line":118,"column":7}},"118":{"start":{"line":119,"column":0},"end":{"line":119,"column":66}},"119":{"start":{"line":120,"column":0},"end":{"line":120,"column":42}},"120":{"start":{"line":121,"column":0},"end":{"line":121,"column":0}},"121":{"start":{"line":122,"column":0},"end":{"line":122,"column":13}},"122":{"start":{"line":123,"column":0},"end":{"line":123,"column":71}},"123":{"start":{"line":124,"column":0},"end":{"line":124,"column":0}},"124":{"start":{"line":125,"column":0},"end":{"line":125,"column":48}},"125":{"start":{"line":126,"column":0},"end":{"line":126,"column":59}},"126":{"start":{"line":127,"column":0},"end":{"line":127,"column":36}},"127":{"start":{"line":128,"column":0},"end":{"line":128,"column":0}},"128":{"start":{"line":129,"column":0},"end":{"line":129,"column":79}},"129":{"start":{"line":130,"column":0},"end":{"line":130,"column":25}},"130":{"start":{"line":131,"column":0},"end":{"line":131,"column":84}},"131":{"start":{"line":132,"column":0},"end":{"line":132,"column":73}},"132":{"start":{"line":133,"column":0},"end":{"line":133,"column":0}},"133":{"start":{"line":134,"column":0},"end":{"line":134,"column":30}},"134":{"start":{"line":135,"column":0},"end":{"line":135,"column":99}},"135":{"start":{"line":136,"column":0},"end":{"line":136,"column":0}},"136":{"start":{"line":137,"column":0},"end":{"line":137,"column":31}},"137":{"start":{"line":138,"column":0},"end":{"line":138,"column":74}},"138":{"start":{"line":139,"column":0},"end":{"line":139,"column":42}},"139":{"start":{"line":140,"column":0},"end":{"line":140,"column":9}},"140":{"start":{"line":141,"column":0},"end":{"line":141,"column":0}},"141":{"start":{"line":142,"column":0},"end":{"line":142,"column":35}},"142":{"start":{"line":143,"column":0},"end":{"line":143,"column":40}},"143":{"start":{"line":144,"column":0},"end":{"line":144,"column":0}},"144":{"start":{"line":145,"column":0},"end":{"line":145,"column":23}},"145":{"start":{"line":146,"column":0},"end":{"line":146,"column":5}},"146":{"start":{"line":147,"column":0},"end":{"line":147,"column":0}},"147":{"start":{"line":148,"column":0},"end":{"line":148,"column":7}},"148":{"start":{"line":149,"column":0},"end":{"line":149,"column":38}},"149":{"start":{"line":150,"column":0},"end":{"line":150,"column":7}},"150":{"start":{"line":151,"column":0},"end":{"line":151,"column":27}},"151":{"start":{"line":152,"column":0},"end":{"line":152,"column":23}},"152":{"start":{"line":153,"column":0},"end":{"line":153,"column":23}},"153":{"start":{"line":154,"column":0},"end":{"line":154,"column":62}},"154":{"start":{"line":155,"column":0},"end":{"line":155,"column":46}},"155":{"start":{"line":156,"column":0},"end":{"line":156,"column":20}},"156":{"start":{"line":157,"column":0},"end":{"line":157,"column":42}},"157":{"start":{"line":158,"column":0},"end":{"line":158,"column":25}},"158":{"start":{"line":159,"column":0},"end":{"line":159,"column":33}},"159":{"start":{"line":160,"column":0},"end":{"line":160,"column":19}},"160":{"start":{"line":161,"column":0},"end":{"line":161,"column":19}},"161":{"start":{"line":162,"column":0},"end":{"line":162,"column":34}},"162":{"start":{"line":163,"column":0},"end":{"line":163,"column":27}},"163":{"start":{"line":164,"column":0},"end":{"line":164,"column":19}},"164":{"start":{"line":165,"column":0},"end":{"line":165,"column":21}},"165":{"start":{"line":166,"column":0},"end":{"line":166,"column":10}},"166":{"start":{"line":167,"column":0},"end":{"line":167,"column":0}},"167":{"start":{"line":168,"column":0},"end":{"line":168,"column":32}},"168":{"start":{"line":169,"column":0},"end":{"line":169,"column":41}},"169":{"start":{"line":170,"column":0},"end":{"line":170,"column":33}},"170":{"start":{"line":171,"column":0},"end":{"line":171,"column":34}},"171":{"start":{"line":172,"column":0},"end":{"line":172,"column":33}},"172":{"start":{"line":173,"column":0},"end":{"line":173,"column":30}},"173":{"start":{"line":174,"column":0},"end":{"line":174,"column":10}},"174":{"start":{"line":175,"column":0},"end":{"line":175,"column":32}},"175":{"start":{"line":176,"column":0},"end":{"line":176,"column":0}},"176":{"start":{"line":177,"column":0},"end":{"line":177,"column":27}},"177":{"start":{"line":178,"column":0},"end":{"line":178,"column":5}},"178":{"start":{"line":179,"column":0},"end":{"line":179,"column":0}},"179":{"start":{"line":180,"column":0},"end":{"line":180,"column":7}},"180":{"start":{"line":181,"column":0},"end":{"line":181,"column":41}},"181":{"start":{"line":182,"column":0},"end":{"line":182,"column":7}},"182":{"start":{"line":183,"column":0},"end":{"line":183,"column":29}},"183":{"start":{"line":184,"column":0},"end":{"line":184,"column":28}},"184":{"start":{"line":185,"column":0},"end":{"line":185,"column":38}},"185":{"start":{"line":186,"column":0},"end":{"line":186,"column":25}},"186":{"start":{"line":187,"column":0},"end":{"line":187,"column":13}},"187":{"start":{"line":188,"column":0},"end":{"line":188,"column":31}},"188":{"start":{"line":189,"column":0},"end":{"line":189,"column":68}},"189":{"start":{"line":190,"column":0},"end":{"line":190,"column":5}},"190":{"start":{"line":191,"column":0},"end":{"line":191,"column":0}},"191":{"start":{"line":192,"column":0},"end":{"line":192,"column":7}},"192":{"start":{"line":193,"column":0},"end":{"line":193,"column":38}},"193":{"start":{"line":194,"column":0},"end":{"line":194,"column":7}},"194":{"start":{"line":195,"column":0},"end":{"line":195,"column":69}},"195":{"start":{"line":196,"column":0},"end":{"line":196,"column":29}},"196":{"start":{"line":197,"column":0},"end":{"line":197,"column":60}},"197":{"start":{"line":198,"column":0},"end":{"line":198,"column":5}},"198":{"start":{"line":199,"column":0},"end":{"line":199,"column":0}},"199":{"start":{"line":200,"column":0},"end":{"line":200,"column":7}},"200":{"start":{"line":201,"column":0},"end":{"line":201,"column":35}},"201":{"start":{"line":202,"column":0},"end":{"line":202,"column":7}},"202":{"start":{"line":203,"column":0},"end":{"line":203,"column":60}},"203":{"start":{"line":204,"column":0},"end":{"line":204,"column":72}},"204":{"start":{"line":205,"column":0},"end":{"line":205,"column":5}},"205":{"start":{"line":206,"column":0},"end":{"line":206,"column":0}},"206":{"start":{"line":207,"column":0},"end":{"line":207,"column":7}},"207":{"start":{"line":208,"column":0},"end":{"line":208,"column":28}},"208":{"start":{"line":209,"column":0},"end":{"line":209,"column":7}},"209":{"start":{"line":210,"column":0},"end":{"line":210,"column":67}},"210":{"start":{"line":211,"column":0},"end":{"line":211,"column":75}},"211":{"start":{"line":212,"column":0},"end":{"line":212,"column":5}},"212":{"start":{"line":213,"column":0},"end":{"line":213,"column":0}},"213":{"start":{"line":214,"column":0},"end":{"line":214,"column":7}},"214":{"start":{"line":215,"column":0},"end":{"line":215,"column":28}},"215":{"start":{"line":216,"column":0},"end":{"line":216,"column":7}},"216":{"start":{"line":217,"column":0},"end":{"line":217,"column":64}},"217":{"start":{"line":218,"column":0},"end":{"line":218,"column":72}},"218":{"start":{"line":219,"column":0},"end":{"line":219,"column":5}},"219":{"start":{"line":220,"column":0},"end":{"line":220,"column":0}},"220":{"start":{"line":221,"column":0},"end":{"line":221,"column":71}},"221":{"start":{"line":222,"column":0},"end":{"line":222,"column":0}},"222":{"start":{"line":223,"column":0},"end":{"line":223,"column":7}},"223":{"start":{"line":224,"column":0},"end":{"line":224,"column":58}},"224":{"start":{"line":225,"column":0},"end":{"line":225,"column":7}},"225":{"start":{"line":226,"column":0},"end":{"line":226,"column":82}},"226":{"start":{"line":227,"column":0},"end":{"line":227,"column":0}},"227":{"start":{"line":228,"column":0},"end":{"line":228,"column":7}},"228":{"start":{"line":229,"column":0},"end":{"line":229,"column":67}},"229":{"start":{"line":230,"column":0},"end":{"line":230,"column":7}},"230":{"start":{"line":231,"column":0},"end":{"line":231,"column":34}},"231":{"start":{"line":232,"column":0},"end":{"line":232,"column":24}},"232":{"start":{"line":233,"column":0},"end":{"line":233,"column":30}},"233":{"start":{"line":234,"column":0},"end":{"line":234,"column":31}},"234":{"start":{"line":235,"column":0},"end":{"line":235,"column":56}},"235":{"start":{"line":236,"column":0},"end":{"line":236,"column":18}},"236":{"start":{"line":237,"column":0},"end":{"line":237,"column":5}},"237":{"start":{"line":238,"column":0},"end":{"line":238,"column":0}},"238":{"start":{"line":239,"column":0},"end":{"line":239,"column":7}},"239":{"start":{"line":240,"column":0},"end":{"line":240,"column":32}},"240":{"start":{"line":241,"column":0},"end":{"line":241,"column":7}},"241":{"start":{"line":242,"column":0},"end":{"line":242,"column":19}},"242":{"start":{"line":243,"column":0},"end":{"line":243,"column":29}},"243":{"start":{"line":244,"column":0},"end":{"line":244,"column":61}},"244":{"start":{"line":245,"column":0},"end":{"line":245,"column":5}},"245":{"start":{"line":246,"column":0},"end":{"line":246,"column":1}}},"s":{"0":1,"1":1,"2":1,"3":1,"4":1,"5":1,"6":1,"7":1,"8":1,"9":1,"10":1,"11":1,"12":1,"13":1,"14":1,"15":1,"16":1,"17":1,"18":1,"19":1,"20":1,"21":1,"22":1,"23":1,"24":1,"25":1,"26":1,"27":1,"28":1,"29":1,"30":1,"31":2,"32":2,"33":2,"34":2,"35":2,"36":2,"37":2,"38":2,"39":2,"40":2,"41":2,"42":2,"43":2,"44":2,"45":2,"46":2,"47":2,"48":2,"49":2,"50":2,"51":2,"52":2,"53":2,"54":0,"55":0,"56":2,"57":2,"58":2,"59":2,"60":2,"61":1,"62":1,"63":2,"64":2,"65":2,"66":2,"67":2,"68":0,"69":0,"70":0,"71":0,"72":0,"73":0,"74":0,"75":0,"76":0,"77":0,"78":0,"79":0,"80":0,"81":0,"82":2,"83":2,"84":2,"85":2,"86":2,"87":0,"88":0,"89":0,"90":0,"91":0,"92":0,"93":0,"94":0,"95":0,"96":0,"97":0,"98":0,"99":0,"100":2,"101":2,"102":2,"103":2,"104":2,"105":0,"106":0,"107":2,"108":2,"109":2,"110":2,"111":2,"112":0,"113":0,"114":2,"115":2,"116":2,"117":2,"118":2,"119":0,"120":0,"121":0,"122":0,"123":0,"124":0,"125":0,"126":0,"127":0,"128":0,"129":0,"130":0,"131":0,"132":0,"133":0,"134":0,"135":0,"136":0,"137":0,"138":0,"139":0,"140":0,"141":0,"142":0,"143":0,"144":0,"145":0,"146":2,"147":2,"148":2,"149":2,"150":2,"151":1,"152":1,"153":1,"154":1,"155":1,"156":1,"157":1,"158":1,"159":1,"160":1,"161":1,"162":1,"163":1,"164":1,"165":1,"166":1,"167":1,"168":1,"169":1,"170":1,"171":1,"172":1,"173":1,"174":1,"175":1,"176":1,"177":1,"178":2,"179":2,"180":2,"181":2,"182":2,"183":1,"184":1,"185":1,"186":1,"187":1,"188":1,"189":1,"190":2,"191":2,"192":2,"193":2,"194":2,"195":0,"196":0,"197":0,"198":2,"199":2,"200":2,"201":2,"202":2,"203":1,"204":1,"205":2,"206":2,"207":2,"208":2,"209":2,"210":0,"211":0,"212":2,"213":2,"214":2,"215":2,"216":2,"217":0,"218":0,"219":2,"220":2,"221":2,"222":2,"223":2,"224":2,"225":2,"226":2,"227":2,"228":2,"229":2,"230":2,"231":0,"232":0,"233":0,"234":0,"235":0,"236":0,"237":2,"238":2,"239":2,"240":2,"241":2,"242":0,"243":0,"244":0,"245":2},"branchMap":{"0":{"type":"branch","line":31,"loc":{"start":{"line":31,"column":31},"end":{"line":246,"column":1}},"locations":[{"start":{"line":31,"column":31},"end":{"line":246,"column":1}}]},"1":{"type":"branch","line":42,"loc":{"start":{"line":42,"column":4},"end":{"line":49,"column":5}},"locations":[{"start":{"line":42,"column":4},"end":{"line":49,"column":5}}]},"2":{"type":"branch","line":61,"loc":{"start":{"line":61,"column":4},"end":{"line":63,"column":5}},"locations":[{"start":{"line":61,"column":4},"end":{"line":63,"column":5}}]},"3":{"type":"branch","line":151,"loc":{"start":{"line":151,"column":14},"end":{"line":178,"column":5}},"locations":[{"start":{"line":151,"column":14},"end":{"line":178,"column":5}}]},"4":{"type":"branch","line":183,"loc":{"start":{"line":183,"column":14},"end":{"line":190,"column":5}},"locations":[{"start":{"line":183,"column":14},"end":{"line":190,"column":5}}]},"5":{"type":"branch","line":203,"loc":{"start":{"line":203,"column":14},"end":{"line":205,"column":5}},"locations":[{"start":{"line":203,"column":14},"end":{"line":205,"column":5}}]}},"b":{"0":[2],"1":[2],"2":[1],"3":[1],"4":[1],"5":[1]},"fnMap":{"0":{"name":"<instance_members_initializer>","decl":{"start":{"line":31,"column":31},"end":{"line":246,"column":1}},"loc":{"start":{"line":31,"column":31},"end":{"line":246,"column":1}},"line":31},"1":{"name":"BaseAgent","decl":{"start":{"line":42,"column":4},"end":{"line":49,"column":5}},"loc":{"start":{"line":42,"column":4},"end":{"line":49,"column":5}},"line":42},"2":{"name":"setLLM","decl":{"start":{"line":54,"column":4},"end":{"line":56,"column":5}},"loc":{"start":{"line":54,"column":4},"end":{"line":56,"column":5}},"line":54},"3":{"name":"hasLLM","decl":{"start":{"line":61,"column":4},"end":{"line":63,"column":5}},"loc":{"start":{"line":61,"column":4},"end":{"line":63,"column":5}},"line":61},"4":{"name":"llmChat","decl":{"start":{"line":68,"column":14},"end":{"line":82,"column":5}},"loc":{"start":{"line":68,"column":14},"end":{"line":82,"column":5}},"line":68},"5":{"name":"parseLLMJson","decl":{"start":{"line":87,"column":14},"end":{"line":100,"column":5}},"loc":{"start":{"line":87,"column":14},"end":{"line":100,"column":5}},"line":87},"6":{"name":"getStatus","decl":{"start":{"line":105,"column":4},"end":{"line":107,"column":5}},"loc":{"start":{"line":105,"column":4},"end":{"line":107,"column":5}},"line":105},"7":{"name":"getActionLog","decl":{"start":{"line":112,"column":4},"end":{"line":114,"column":5}},"loc":{"start":{"line":112,"column":4},"end":{"line":114,"column":5}},"line":112},"8":{"name":"execute","decl":{"start":{"line":119,"column":4},"end":{"line":146,"column":5}},"loc":{"start":{"line":119,"column":4},"end":{"line":146,"column":5}},"line":119},"9":{"name":"createAction","decl":{"start":{"line":151,"column":14},"end":{"line":178,"column":5}},"loc":{"start":{"line":151,"column":14},"end":{"line":178,"column":5}},"line":151},"10":{"name":"completeAction","decl":{"start":{"line":183,"column":14},"end":{"line":190,"column":5}},"loc":{"start":{"line":183,"column":14},"end":{"line":190,"column":5}},"line":183},"11":{"name":"setStatus","decl":{"start":{"line":195,"column":14},"end":{"line":198,"column":5}},"loc":{"start":{"line":195,"column":14},"end":{"line":198,"column":5}},"line":195},"12":{"name":"log","decl":{"start":{"line":203,"column":14},"end":{"line":205,"column":5}},"loc":{"start":{"line":203,"column":14},"end":{"line":205,"column":5}},"line":203},"13":{"name":"logSuccess","decl":{"start":{"line":210,"column":14},"end":{"line":212,"column":5}},"loc":{"start":{"line":210,"column":14},"end":{"line":212,"column":5}},"line":210},"14":{"name":"logWarn","decl":{"start":{"line":217,"column":14},"end":{"line":219,"column":5}},"loc":{"start":{"line":217,"column":14},"end":{"line":219,"column":5}},"line":217},"15":{"name":"handleFailure","decl":{"start":{"line":231,"column":14},"end":{"line":237,"column":5}},"loc":{"start":{"line":231,"column":14},"end":{"line":237,"column":5}},"line":231},"16":{"name":"reset","decl":{"start":{"line":242,"column":4},"end":{"line":245,"column":5}},"loc":{"start":{"line":242,"column":4},"end":{"line":245,"column":5}},"line":242}},"f":{"0":2,"1":2,"2":0,"3":1,"4":0,"5":0,"6":0,"7":0,"8":0,"9":1,"10":1,"11":0,"12":1,"13":0,"14":0,"15":0,"16":0}}
,"/app/packages/core/src/agents/supervisor.ts": {"path":"/app/packages/core/src/agents/supervisor.ts","all":false,"statementMap":{"0":{"start":{"line":1,"column":0},"end":{"line":1,"column":79}},"1":{"start":{"line":2,"column":0},"end":{"line":2,"column":32}},"2":{"start":{"line":3,"column":0},"end":{"line":3,"column":55}},"3":{"start":{"line":4,"column":0},"end":{"line":4,"column":79}},"4":{"start":{"line":5,"column":0},"end":{"line":5,"column":0}},"5":{"start":{"line":6,"column":0},"end":{"line":6,"column":58}},"6":{"start":{"line":7,"column":0},"end":{"line":7,"column":94}},"7":{"start":{"line":8,"column":0},"end":{"line":8,"column":57}},"8":{"start":{"line":9,"column":0},"end":{"line":9,"column":53}},"9":{"start":{"line":10,"column":0},"end":{"line":10,"column":80}},"10":{"start":{"line":11,"column":0},"end":{"line":11,"column":0}},"11":{"start":{"line":12,"column":0},"end":{"line":12,"column":31}},"12":{"start":{"line":13,"column":0},"end":{"line":13,"column":17}},"13":{"start":{"line":14,"column":0},"end":{"line":14,"column":52}},"14":{"start":{"line":15,"column":0},"end":{"line":15,"column":32}},"15":{"start":{"line":16,"column":0},"end":{"line":16,"column":31}},"16":{"start":{"line":17,"column":0},"end":{"line":17,"column":24}},"17":{"start":{"line":18,"column":0},"end":{"line":18,"column":6}},"18":{"start":{"line":19,"column":0},"end":{"line":19,"column":22}},"19":{"start":{"line":20,"column":0},"end":{"line":20,"column":70}},"20":{"start":{"line":21,"column":0},"end":{"line":21,"column":29}},"21":{"start":{"line":22,"column":0},"end":{"line":22,"column":33}},"22":{"start":{"line":23,"column":0},"end":{"line":23,"column":23}},"23":{"start":{"line":24,"column":0},"end":{"line":24,"column":7}},"24":{"start":{"line":25,"column":0},"end":{"line":25,"column":29}},"25":{"start":{"line":26,"column":0},"end":{"line":26,"column":21}},"26":{"start":{"line":27,"column":0},"end":{"line":27,"column":1}},"27":{"start":{"line":28,"column":0},"end":{"line":28,"column":0}},"28":{"start":{"line":29,"column":0},"end":{"line":29,"column":48}},"29":{"start":{"line":30,"column":0},"end":{"line":30,"column":67}},"30":{"start":{"line":31,"column":0},"end":{"line":31,"column":14}},"31":{"start":{"line":32,"column":0},"end":{"line":32,"column":13}},"32":{"start":{"line":33,"column":0},"end":{"line":33,"column":35}},"33":{"start":{"line":34,"column":0},"end":{"line":34,"column":41}},"34":{"start":{"line":35,"column":0},"end":{"line":35,"column":76}},"35":{"start":{"line":36,"column":0},"end":{"line":36,"column":30}},"36":{"start":{"line":37,"column":0},"end":{"line":37,"column":33}},"37":{"start":{"line":38,"column":0},"end":{"line":38,"column":14}},"38":{"start":{"line":39,"column":0},"end":{"line":39,"column":19}},"39":{"start":{"line":40,"column":0},"end":{"line":40,"column":15}},"40":{"start":{"line":41,"column":0},"end":{"line":41,"column":10}},"41":{"start":{"line":42,"column":0},"end":{"line":42,"column":5}},"42":{"start":{"line":43,"column":0},"end":{"line":43,"column":0}},"43":{"start":{"line":44,"column":0},"end":{"line":44,"column":80}},"44":{"start":{"line":45,"column":0},"end":{"line":45,"column":42}},"45":{"start":{"line":46,"column":0},"end":{"line":46,"column":0}},"46":{"start":{"line":47,"column":0},"end":{"line":47,"column":46}},"47":{"start":{"line":48,"column":0},"end":{"line":48,"column":47}},"48":{"start":{"line":49,"column":0},"end":{"line":49,"column":27}},"49":{"start":{"line":50,"column":0},"end":{"line":50,"column":64}},"50":{"start":{"line":51,"column":0},"end":{"line":51,"column":21}},"51":{"start":{"line":52,"column":0},"end":{"line":52,"column":10}},"52":{"start":{"line":53,"column":0},"end":{"line":53,"column":35}},"53":{"start":{"line":54,"column":0},"end":{"line":54,"column":0}},"54":{"start":{"line":55,"column":0},"end":{"line":55,"column":74}},"55":{"start":{"line":56,"column":0},"end":{"line":56,"column":103}},"56":{"start":{"line":57,"column":0},"end":{"line":57,"column":72}},"57":{"start":{"line":58,"column":0},"end":{"line":58,"column":65}},"58":{"start":{"line":59,"column":0},"end":{"line":59,"column":0}},"59":{"start":{"line":60,"column":0},"end":{"line":60,"column":53}},"60":{"start":{"line":61,"column":0},"end":{"line":61,"column":0}},"61":{"start":{"line":62,"column":0},"end":{"line":62,"column":56}},"62":{"start":{"line":63,"column":0},"end":{"line":63,"column":28}},"63":{"start":{"line":64,"column":0},"end":{"line":64,"column":56}},"64":{"start":{"line":65,"column":0},"end":{"line":65,"column":35}},"65":{"start":{"line":66,"column":0},"end":{"line":66,"column":83}},"66":{"start":{"line":67,"column":0},"end":{"line":67,"column":25}},"67":{"start":{"line":68,"column":0},"end":{"line":68,"column":14}},"68":{"start":{"line":69,"column":0},"end":{"line":69,"column":44}},"69":{"start":{"line":70,"column":0},"end":{"line":70,"column":0}},"70":{"start":{"line":71,"column":0},"end":{"line":71,"column":81}},"71":{"start":{"line":72,"column":0},"end":{"line":72,"column":0}},"72":{"start":{"line":73,"column":0},"end":{"line":73,"column":17}},"73":{"start":{"line":74,"column":0},"end":{"line":74,"column":53}},"74":{"start":{"line":75,"column":0},"end":{"line":75,"column":83}},"75":{"start":{"line":76,"column":0},"end":{"line":76,"column":89}},"76":{"start":{"line":77,"column":0},"end":{"line":77,"column":132}},"77":{"start":{"line":78,"column":0},"end":{"line":78,"column":72}},"78":{"start":{"line":79,"column":0},"end":{"line":79,"column":18}},"79":{"start":{"line":80,"column":0},"end":{"line":80,"column":0}},"80":{"start":{"line":81,"column":0},"end":{"line":81,"column":93}},"81":{"start":{"line":82,"column":0},"end":{"line":82,"column":80}},"82":{"start":{"line":83,"column":0},"end":{"line":83,"column":0}},"83":{"start":{"line":84,"column":0},"end":{"line":84,"column":29}},"84":{"start":{"line":85,"column":0},"end":{"line":85,"column":72}},"85":{"start":{"line":86,"column":0},"end":{"line":86,"column":36}},"86":{"start":{"line":87,"column":0},"end":{"line":87,"column":139}},"87":{"start":{"line":88,"column":0},"end":{"line":88,"column":22}},"88":{"start":{"line":89,"column":0},"end":{"line":89,"column":70}},"89":{"start":{"line":90,"column":0},"end":{"line":90,"column":24}},"90":{"start":{"line":91,"column":0},"end":{"line":91,"column":113}},"91":{"start":{"line":92,"column":0},"end":{"line":92,"column":70}},"92":{"start":{"line":93,"column":0},"end":{"line":93,"column":17}},"93":{"start":{"line":94,"column":0},"end":{"line":94,"column":29}},"94":{"start":{"line":95,"column":0},"end":{"line":95,"column":83}},"95":{"start":{"line":96,"column":0},"end":{"line":96,"column":72}},"96":{"start":{"line":97,"column":0},"end":{"line":97,"column":66}},"97":{"start":{"line":98,"column":0},"end":{"line":98,"column":13}},"98":{"start":{"line":99,"column":0},"end":{"line":99,"column":16}},"99":{"start":{"line":100,"column":0},"end":{"line":100,"column":78}},"100":{"start":{"line":101,"column":0},"end":{"line":101,"column":9}},"101":{"start":{"line":102,"column":0},"end":{"line":102,"column":0}},"102":{"start":{"line":103,"column":0},"end":{"line":103,"column":23}},"103":{"start":{"line":104,"column":0},"end":{"line":104,"column":5}},"104":{"start":{"line":105,"column":0},"end":{"line":105,"column":0}},"105":{"start":{"line":106,"column":0},"end":{"line":106,"column":35}},"106":{"start":{"line":107,"column":0},"end":{"line":107,"column":36}},"107":{"start":{"line":108,"column":0},"end":{"line":108,"column":22}},"108":{"start":{"line":109,"column":0},"end":{"line":109,"column":29}},"109":{"start":{"line":110,"column":0},"end":{"line":110,"column":22}},"110":{"start":{"line":111,"column":0},"end":{"line":111,"column":50}},"111":{"start":{"line":112,"column":0},"end":{"line":112,"column":75}},"112":{"start":{"line":113,"column":0},"end":{"line":113,"column":0}},"113":{"start":{"line":114,"column":0},"end":{"line":114,"column":24}},"114":{"start":{"line":115,"column":0},"end":{"line":115,"column":103}},"115":{"start":{"line":116,"column":0},"end":{"line":116,"column":25}},"116":{"start":{"line":117,"column":0},"end":{"line":117,"column":13}},"117":{"start":{"line":118,"column":0},"end":{"line":118,"column":0}},"118":{"start":{"line":119,"column":0},"end":{"line":119,"column":130}},"119":{"start":{"line":120,"column":0},"end":{"line":120,"column":0}},"120":{"start":{"line":121,"column":0},"end":{"line":121,"column":38}},"121":{"start":{"line":122,"column":0},"end":{"line":122,"column":30}},"122":{"start":{"line":123,"column":0},"end":{"line":123,"column":32}},"123":{"start":{"line":124,"column":0},"end":{"line":124,"column":64}},"124":{"start":{"line":125,"column":0},"end":{"line":125,"column":44}},"125":{"start":{"line":126,"column":0},"end":{"line":126,"column":26}},"126":{"start":{"line":127,"column":0},"end":{"line":127,"column":29}},"127":{"start":{"line":128,"column":0},"end":{"line":128,"column":44}},"128":{"start":{"line":129,"column":0},"end":{"line":129,"column":26}},"129":{"start":{"line":130,"column":0},"end":{"line":130,"column":31}},"130":{"start":{"line":131,"column":0},"end":{"line":131,"column":44}},"131":{"start":{"line":132,"column":0},"end":{"line":132,"column":26}},"132":{"start":{"line":133,"column":0},"end":{"line":133,"column":29}},"133":{"start":{"line":134,"column":0},"end":{"line":134,"column":44}},"134":{"start":{"line":135,"column":0},"end":{"line":135,"column":59}},"135":{"start":{"line":136,"column":0},"end":{"line":136,"column":26}},"136":{"start":{"line":137,"column":0},"end":{"line":137,"column":13}},"137":{"start":{"line":138,"column":0},"end":{"line":138,"column":0}},"138":{"start":{"line":139,"column":0},"end":{"line":139,"column":40}},"139":{"start":{"line":140,"column":0},"end":{"line":140,"column":0}},"140":{"start":{"line":141,"column":0},"end":{"line":141,"column":37}},"141":{"start":{"line":142,"column":0},"end":{"line":142,"column":30}},"142":{"start":{"line":143,"column":0},"end":{"line":143,"column":37}},"143":{"start":{"line":144,"column":0},"end":{"line":144,"column":38}},"144":{"start":{"line":145,"column":0},"end":{"line":145,"column":40}},"145":{"start":{"line":146,"column":0},"end":{"line":146,"column":27}},"146":{"start":{"line":147,"column":0},"end":{"line":147,"column":15}},"147":{"start":{"line":148,"column":0},"end":{"line":148,"column":9}},"148":{"start":{"line":149,"column":0},"end":{"line":149,"column":0}},"149":{"start":{"line":150,"column":0},"end":{"line":150,"column":24}},"150":{"start":{"line":151,"column":0},"end":{"line":151,"column":39}},"151":{"start":{"line":152,"column":0},"end":{"line":152,"column":48}},"152":{"start":{"line":153,"column":0},"end":{"line":153,"column":59}},"153":{"start":{"line":154,"column":0},"end":{"line":154,"column":13}},"154":{"start":{"line":155,"column":0},"end":{"line":155,"column":9}},"155":{"start":{"line":156,"column":0},"end":{"line":156,"column":5}},"156":{"start":{"line":157,"column":0},"end":{"line":157,"column":1}}},"s":{"0":1,"1":1,"2":1,"3":1,"4":1,"5":1,"6":1,"7":1,"8":1,"9":1,"10":1,"11":1,"12":1,"13":1,"14":1,"15":1,"16":1,"17":1,"18":1,"19":1,"20":1,"21":1,"22":1,"23":1,"24":1,"25":1,"26":1,"27":1,"28":1,"29":1,"30":2,"31":2,"32":2,"33":2,"34":2,"35":2,"36":2,"37":2,"38":2,"39":2,"40":2,"41":2,"42":1,"43":1,"44":1,"45":1,"46":1,"47":1,"48":1,"49":1,"50":1,"51":1,"52":1,"53":1,"54":1,"55":1,"56":1,"57":1,"58":1,"59":1,"60":1,"61":1,"62":1,"63":0,"64":0,"65":0,"66":0,"67":0,"68":0,"69":0,"70":0,"71":0,"72":0,"73":0,"74":0,"75":0,"76":0,"77":0,"78":0,"79":0,"80":0,"81":0,"82":0,"83":0,"84":0,"85":0,"86":0,"87":0,"88":0,"89":0,"90":0,"91":0,"92":0,"93":0,"94":0,"95":0,"96":0,"97":0,"98":1,"99":1,"100":1,"101":1,"102":1,"103":1,"104":1,"105":1,"106":0,"107":0,"108":0,"109":0,"110":0,"111":0,"112":0,"113":0,"114":0,"115":0,"116":0,"117":0,"118":0,"119":0,"120":0,"121":0,"122":0,"123":0,"124":0,"125":0,"126":0,"127":0,"128":0,"129":0,"130":0,"131":0,"132":0,"133":0,"134":0,"135":0,"136":0,"137":0,"138":0,"139":0,"140":0,"141":0,"142":0,"143":0,"144":0,"145":0,"146":0,"147":0,"148":0,"149":0,"150":0,"151":0,"152":0,"153":0,"154":0,"155":0,"156":1},"branchMap":{"0":{"type":"branch","line":30,"loc":{"start":{"line":30,"column":4},"end":{"line":42,"column":5}},"locations":[{"start":{"line":30,"column":4},"end":{"line":42,"column":5}}]},"1":{"type":"branch","line":44,"loc":{"start":{"line":44,"column":14},"end":{"line":104,"column":5}},"locations":[{"start":{"line":44,"column":14},"end":{"line":104,"column":5}}]},"2":{"type":"branch","line":55,"loc":{"start":{"line":55,"column":67},"end":{"line":55,"column":73}},"locations":[{"start":{"line":55,"column":67},"end":{"line":55,"column":73}}]},"3":{"type":"branch","line":63,"loc":{"start":{"line":63,"column":27},"end":{"line":99,"column":9}},"locations":[{"start":{"line":63,"column":27},"end":{"line":99,"column":9}}]}},"b":{"0":[2],"1":[1],"2":[0],"3":[0]},"fnMap":{"0":{"name":"SupervisorAgent","decl":{"start":{"line":30,"column":4},"end":{"line":42,"column":5}},"loc":{"start":{"line":30,"column":4},"end":{"line":42,"column":5}},"line":30},"1":{"name":"performWork","decl":{"start":{"line":44,"column":14},"end":{"line":104,"column":5}},"loc":{"start":{"line":44,"column":14},"end":{"line":104,"column":5}},"line":44},"2":{"name":"executeDecisions","decl":{"start":{"line":106,"column":12},"end":{"line":156,"column":5}},"loc":{"start":{"line":106,"column":12},"end":{"line":156,"column":5}},"line":106}},"f":{"0":2,"1":1,"2":0}}
,"/app/packages/core/src/events/emitter.ts": {"path":"/app/packages/core/src/events/emitter.ts","all":false,"statementMap":{"0":{"start":{"line":1,"column":0},"end":{"line":1,"column":79}},"1":{"start":{"line":2,"column":0},"end":{"line":2,"column":29}},"2":{"start":{"line":3,"column":0},"end":{"line":3,"column":65}},"3":{"start":{"line":4,"column":0},"end":{"line":4,"column":79}},"4":{"start":{"line":5,"column":0},"end":{"line":5,"column":0}},"5":{"start":{"line":6,"column":0},"end":{"line":6,"column":41}},"6":{"start":{"line":7,"column":0},"end":{"line":7,"column":75}},"7":{"start":{"line":8,"column":0},"end":{"line":8,"column":0}},"8":{"start":{"line":9,"column":0},"end":{"line":9,"column":32}},"9":{"start":{"line":10,"column":0},"end":{"line":10,"column":34}},"10":{"start":{"line":11,"column":0},"end":{"line":11,"column":45}},"11":{"start":{"line":12,"column":0},"end":{"line":12,"column":30}},"12":{"start":{"line":13,"column":0},"end":{"line":13,"column":0}},"13":{"start":{"line":14,"column":0},"end":{"line":14,"column":19}},"14":{"start":{"line":15,"column":0},"end":{"line":15,"column":42}},"15":{"start":{"line":16,"column":0},"end":{"line":16,"column":5}},"16":{"start":{"line":17,"column":0},"end":{"line":17,"column":0}},"17":{"start":{"line":18,"column":0},"end":{"line":18,"column":7}},"18":{"start":{"line":19,"column":0},"end":{"line":19,"column":47}},"19":{"start":{"line":20,"column":0},"end":{"line":20,"column":7}},"20":{"start":{"line":21,"column":0},"end":{"line":21,"column":36}},"21":{"start":{"line":22,"column":0},"end":{"line":22,"column":38}},"22":{"start":{"line":23,"column":0},"end":{"line":23,"column":0}},"23":{"start":{"line":24,"column":0},"end":{"line":24,"column":41}},"24":{"start":{"line":25,"column":0},"end":{"line":25,"column":57}},"25":{"start":{"line":26,"column":0},"end":{"line":26,"column":74}},"26":{"start":{"line":27,"column":0},"end":{"line":27,"column":9}},"27":{"start":{"line":28,"column":0},"end":{"line":28,"column":0}},"28":{"start":{"line":29,"column":0},"end":{"line":29,"column":45}},"29":{"start":{"line":30,"column":0},"end":{"line":30,"column":77}},"30":{"start":{"line":31,"column":0},"end":{"line":31,"column":5}},"31":{"start":{"line":32,"column":0},"end":{"line":32,"column":0}},"32":{"start":{"line":33,"column":0},"end":{"line":33,"column":7}},"33":{"start":{"line":34,"column":0},"end":{"line":34,"column":38}},"34":{"start":{"line":35,"column":0},"end":{"line":35,"column":7}},"35":{"start":{"line":36,"column":0},"end":{"line":36,"column":72}},"36":{"start":{"line":37,"column":0},"end":{"line":37,"column":44}},"37":{"start":{"line":38,"column":0},"end":{"line":38,"column":5}},"38":{"start":{"line":39,"column":0},"end":{"line":39,"column":0}},"39":{"start":{"line":40,"column":0},"end":{"line":40,"column":7}},"40":{"start":{"line":41,"column":0},"end":{"line":41,"column":53}},"41":{"start":{"line":42,"column":0},"end":{"line":42,"column":7}},"42":{"start":{"line":43,"column":0},"end":{"line":43,"column":56}},"43":{"start":{"line":44,"column":0},"end":{"line":44,"column":38}},"44":{"start":{"line":45,"column":0},"end":{"line":45,"column":5}},"45":{"start":{"line":46,"column":0},"end":{"line":46,"column":0}},"46":{"start":{"line":47,"column":0},"end":{"line":47,"column":7}},"47":{"start":{"line":48,"column":0},"end":{"line":48,"column":24}},"48":{"start":{"line":49,"column":0},"end":{"line":49,"column":7}},"49":{"start":{"line":50,"column":0},"end":{"line":50,"column":73}},"50":{"start":{"line":51,"column":0},"end":{"line":51,"column":45}},"51":{"start":{"line":52,"column":0},"end":{"line":52,"column":5}},"52":{"start":{"line":53,"column":0},"end":{"line":53,"column":0}},"53":{"start":{"line":54,"column":0},"end":{"line":54,"column":7}},"54":{"start":{"line":55,"column":0},"end":{"line":55,"column":31}},"55":{"start":{"line":56,"column":0},"end":{"line":56,"column":7}},"56":{"start":{"line":57,"column":0},"end":{"line":57,"column":51}},"57":{"start":{"line":58,"column":0},"end":{"line":58,"column":47}},"58":{"start":{"line":59,"column":0},"end":{"line":59,"column":5}},"59":{"start":{"line":60,"column":0},"end":{"line":60,"column":0}},"60":{"start":{"line":61,"column":0},"end":{"line":61,"column":7}},"61":{"start":{"line":62,"column":0},"end":{"line":62,"column":38}},"62":{"start":{"line":63,"column":0},"end":{"line":63,"column":7}},"63":{"start":{"line":64,"column":0},"end":{"line":64,"column":73}},"64":{"start":{"line":65,"column":0},"end":{"line":65,"column":32}},"65":{"start":{"line":66,"column":0},"end":{"line":66,"column":48}},"66":{"start":{"line":67,"column":0},"end":{"line":67,"column":27}},"67":{"start":{"line":68,"column":0},"end":{"line":68,"column":5}},"68":{"start":{"line":69,"column":0},"end":{"line":69,"column":0}},"69":{"start":{"line":70,"column":0},"end":{"line":70,"column":7}},"70":{"start":{"line":71,"column":0},"end":{"line":71,"column":36}},"71":{"start":{"line":72,"column":0},"end":{"line":72,"column":7}},"72":{"start":{"line":73,"column":0},"end":{"line":73,"column":8}},"73":{"start":{"line":74,"column":0},"end":{"line":74,"column":53}},"74":{"start":{"line":75,"column":0},"end":{"line":75,"column":23}},"75":{"start":{"line":76,"column":0},"end":{"line":76,"column":24}},"76":{"start":{"line":77,"column":0},"end":{"line":77,"column":25}},"77":{"start":{"line":78,"column":0},"end":{"line":78,"column":29}},"78":{"start":{"line":79,"column":0},"end":{"line":79,"column":13}},"79":{"start":{"line":80,"column":0},"end":{"line":80,"column":33}},"80":{"start":{"line":81,"column":0},"end":{"line":81,"column":33}},"81":{"start":{"line":82,"column":0},"end":{"line":82,"column":34}},"82":{"start":{"line":83,"column":0},"end":{"line":83,"column":41}},"83":{"start":{"line":84,"column":0},"end":{"line":84,"column":47}},"84":{"start":{"line":85,"column":0},"end":{"line":85,"column":10}},"85":{"start":{"line":86,"column":0},"end":{"line":86,"column":25}},"86":{"start":{"line":87,"column":0},"end":{"line":87,"column":5}},"87":{"start":{"line":88,"column":0},"end":{"line":88,"column":0}},"88":{"start":{"line":89,"column":0},"end":{"line":89,"column":7}},"89":{"start":{"line":90,"column":0},"end":{"line":90,"column":44}},"90":{"start":{"line":91,"column":0},"end":{"line":91,"column":7}},"91":{"start":{"line":92,"column":0},"end":{"line":92,"column":78}},"92":{"start":{"line":93,"column":0},"end":{"line":93,"column":19}},"93":{"start":{"line":94,"column":0},"end":{"line":94,"column":33}},"94":{"start":{"line":95,"column":0},"end":{"line":95,"column":34}},"95":{"start":{"line":96,"column":0},"end":{"line":96,"column":28}},"96":{"start":{"line":97,"column":0},"end":{"line":97,"column":44}},"97":{"start":{"line":98,"column":0},"end":{"line":98,"column":11}},"98":{"start":{"line":99,"column":0},"end":{"line":99,"column":5}},"99":{"start":{"line":100,"column":0},"end":{"line":100,"column":0}},"100":{"start":{"line":101,"column":0},"end":{"line":101,"column":7}},"101":{"start":{"line":102,"column":0},"end":{"line":102,"column":30}},"102":{"start":{"line":103,"column":0},"end":{"line":103,"column":7}},"103":{"start":{"line":104,"column":0},"end":{"line":104,"column":19}},"104":{"start":{"line":105,"column":0},"end":{"line":105,"column":31}},"105":{"start":{"line":106,"column":0},"end":{"line":106,"column":5}},"106":{"start":{"line":107,"column":0},"end":{"line":107,"column":0}},"107":{"start":{"line":108,"column":0},"end":{"line":108,"column":7}},"108":{"start":{"line":109,"column":0},"end":{"line":109,"column":26}},"109":{"start":{"line":110,"column":0},"end":{"line":110,"column":7}},"110":{"start":{"line":111,"column":0},"end":{"line":111,"column":21}},"111":{"start":{"line":112,"column":0},"end":{"line":112,"column":42}},"112":{"start":{"line":113,"column":0},"end":{"line":113,"column":31}},"113":{"start":{"line":114,"column":0},"end":{"line":114,"column":5}},"114":{"start":{"line":115,"column":0},"end":{"line":115,"column":1}},"115":{"start":{"line":116,"column":0},"end":{"line":116,"column":0}},"116":{"start":{"line":117,"column":0},"end":{"line":117,"column":36}},"117":{"start":{"line":118,"column":0},"end":{"line":118,"column":52}}},"s":{"0":1,"1":1,"2":1,"3":1,"4":1,"5":1,"6":1,"7":1,"8":1,"9":3,"10":3,"11":3,"12":3,"13":3,"14":3,"15":3,"16":3,"17":3,"18":3,"19":3,"20":3,"21":2,"22":2,"23":2,"24":2,"25":0,"26":0,"27":2,"28":2,"29":2,"30":2,"31":3,"32":3,"33":3,"34":3,"35":3,"36":0,"37":0,"38":3,"39":3,"40":3,"41":3,"42":3,"43":0,"44":0,"45":3,"46":3,"47":3,"48":3,"49":3,"50":0,"51":0,"52":3,"53":3,"54":3,"55":3,"56":3,"57":1,"58":1,"59":3,"60":3,"61":3,"62":3,"63":3,"64":0,"65":0,"66":0,"67":0,"68":3,"69":3,"70":3,"71":3,"72":3,"73":1,"74":1,"75":1,"76":1,"77":1,"78":1,"79":1,"80":1,"81":1,"82":1,"83":1,"84":1,"85":1,"86":1,"87":3,"88":3,"89":3,"90":3,"91":3,"92":0,"93":0,"94":0,"95":0,"96":0,"97":0,"98":0,"99":3,"100":3,"101":3,"102":3,"103":3,"104":0,"105":0,"106":3,"107":3,"108":3,"109":3,"110":3,"111":0,"112":0,"113":0,"114":3,"115":1,"116":1,"117":1},"branchMap":{"0":{"type":"branch","line":9,"loc":{"start":{"line":9,"column":30},"end":{"line":115,"column":1}},"locations":[{"start":{"line":9,"column":30},"end":{"line":115,"column":1}}]},"1":{"type":"branch","line":14,"loc":{"start":{"line":14,"column":4},"end":{"line":16,"column":5}},"locations":[{"start":{"line":14,"column":4},"end":{"line":16,"column":5}}]},"2":{"type":"branch","line":21,"loc":{"start":{"line":21,"column":4},"end":{"line":31,"column":5}},"locations":[{"start":{"line":21,"column":4},"end":{"line":31,"column":5}}]},"3":{"type":"branch","line":25,"loc":{"start":{"line":25,"column":56},"end":{"line":27,"column":9}},"locations":[{"start":{"line":25,"column":56},"end":{"line":27,"column":9}}]},"4":{"type":"branch","line":57,"loc":{"start":{"line":57,"column":4},"end":{"line":59,"column":5}},"locations":[{"start":{"line":57,"column":4},"end":{"line":59,"column":5}}]},"5":{"type":"branch","line":73,"loc":{"start":{"line":73,"column":4},"end":{"line":87,"column":5}},"locations":[{"start":{"line":73,"column":4},"end":{"line":87,"column":5}}]},"6":{"type":"branch","line":83,"loc":{"start":{"line":83,"column":32},"end":{"line":83,"column":40}},"locations":[{"start":{"line":83,"column":32},"end":{"line":83,"column":40}}]}},"b":{"0":[3],"1":[3],"2":[2],"3":[0],"4":[1],"5":[1],"6":[0]},"fnMap":{"0":{"name":"<instance_members_initializer>","decl":{"start":{"line":9,"column":30},"end":{"line":115,"column":1}},"loc":{"start":{"line":9,"column":30},"end":{"line":115,"column":1}},"line":9},"1":{"name":"AgentEventEmitter","decl":{"start":{"line":14,"column":4},"end":{"line":16,"column":5}},"loc":{"start":{"line":14,"column":4},"end":{"line":16,"column":5}},"line":14},"2":{"name":"emit","decl":{"start":{"line":21,"column":4},"end":{"line":31,"column":5}},"loc":{"start":{"line":21,"column":4},"end":{"line":31,"column":5}},"line":21},"3":{"name":"on","decl":{"start":{"line":36,"column":4},"end":{"line":38,"column":5}},"loc":{"start":{"line":36,"column":4},"end":{"line":38,"column":5}},"line":36},"4":{"name":"onAll","decl":{"start":{"line":43,"column":4},"end":{"line":45,"column":5}},"loc":{"start":{"line":43,"column":4},"end":{"line":45,"column":5}},"line":43},"5":{"name":"off","decl":{"start":{"line":50,"column":4},"end":{"line":52,"column":5}},"loc":{"start":{"line":50,"column":4},"end":{"line":52,"column":5}},"line":50},"6":{"name":"getHistory","decl":{"start":{"line":57,"column":4},"end":{"line":59,"column":5}},"loc":{"start":{"line":57,"column":4},"end":{"line":59,"column":5}},"line":57},"7":{"name":"getAgentHistory","decl":{"start":{"line":64,"column":4},"end":{"line":68,"column":5}},"loc":{"start":{"line":64,"column":4},"end":{"line":68,"column":5}},"line":64},"8":{"name":"log","decl":{"start":{"line":73,"column":4},"end":{"line":87,"column":5}},"loc":{"start":{"line":73,"column":4},"end":{"line":87,"column":5}},"line":73},"9":{"name":"agentStatus","decl":{"start":{"line":92,"column":4},"end":{"line":99,"column":5}},"loc":{"start":{"line":92,"column":4},"end":{"line":99,"column":5}},"line":92},"10":{"name":"clear","decl":{"start":{"line":104,"column":4},"end":{"line":106,"column":5}},"loc":{"start":{"line":104,"column":4},"end":{"line":106,"column":5}},"line":104},"11":{"name":"destroy","decl":{"start":{"line":111,"column":4},"end":{"line":114,"column":5}},"loc":{"start":{"line":111,"column":4},"end":{"line":114,"column":5}},"line":111}},"f":{"0":3,"1":3,"2":2,"3":0,"4":0,"5":0,"6":1,"7":0,"8":1,"9":0,"10":0,"11":0}}
,"/app/packages/core/src/llm/prompts.ts": {"path":"/app/packages/core/src/llm/prompts.ts","all":false,"statementMap":{"0":{"start":{"line":1,"column":0},"end":{"line":1,"column":79}},"1":{"start":{"line":2,"column":0},"end":{"line":2,"column":38}},"2":{"start":{"line":3,"column":0},"end":{"line":3,"column":42}},"3":{"start":{"line":4,"column":0},"end":{"line":4,"column":79}},"4":{"start":{"line":5,"column":0},"end":{"line":5,"column":0}},"5":{"start":{"line":6,"column":0},"end":{"line":6,"column":3}},"6":{"start":{"line":7,"column":0},"end":{"line":7,"column":65}},"7":{"start":{"line":8,"column":0},"end":{"line":8,"column":3}},"8":{"start":{"line":9,"column":0},"end":{"line":9,"column":37}},"9":{"start":{"line":10,"column":0},"end":{"line":10,"column":86}},"10":{"start":{"line":11,"column":0},"end":{"line":11,"column":0}},"11":{"start":{"line":12,"column":0},"end":{"line":12,"column":74}},"12":{"start":{"line":13,"column":0},"end":{"line":13,"column":0}},"13":{"start":{"line":14,"column":0},"end":{"line":14,"column":52}},"14":{"start":{"line":15,"column":0},"end":{"line":15,"column":39}},"15":{"start":{"line":16,"column":0},"end":{"line":16,"column":21}},"16":{"start":{"line":17,"column":0},"end":{"line":17,"column":46}},"17":{"start":{"line":18,"column":0},"end":{"line":18,"column":29}},"18":{"start":{"line":19,"column":0},"end":{"line":19,"column":0}},"19":{"start":{"line":20,"column":0},"end":{"line":20,"column":50}},"20":{"start":{"line":21,"column":0},"end":{"line":21,"column":1}},"21":{"start":{"line":22,"column":0},"end":{"line":22,"column":15}},"22":{"start":{"line":23,"column":0},"end":{"line":23,"column":32}},"23":{"start":{"line":24,"column":0},"end":{"line":24,"column":25}},"24":{"start":{"line":25,"column":0},"end":{"line":25,"column":39}},"25":{"start":{"line":26,"column":0},"end":{"line":26,"column":31}},"26":{"start":{"line":27,"column":0},"end":{"line":27,"column":4}},"27":{"start":{"line":28,"column":0},"end":{"line":28,"column":12}},"28":{"start":{"line":29,"column":0},"end":{"line":29,"column":5}},"29":{"start":{"line":30,"column":0},"end":{"line":30,"column":28}},"30":{"start":{"line":31,"column":0},"end":{"line":31,"column":44}},"31":{"start":{"line":32,"column":0},"end":{"line":32,"column":42}},"32":{"start":{"line":33,"column":0},"end":{"line":33,"column":37}},"33":{"start":{"line":34,"column":0},"end":{"line":34,"column":56}},"34":{"start":{"line":35,"column":0},"end":{"line":35,"column":43}},"35":{"start":{"line":36,"column":0},"end":{"line":36,"column":38}},"36":{"start":{"line":37,"column":0},"end":{"line":37,"column":5}},"37":{"start":{"line":38,"column":0},"end":{"line":38,"column":4}},"38":{"start":{"line":39,"column":0},"end":{"line":39,"column":39}},"39":{"start":{"line":40,"column":0},"end":{"line":40,"column":3}},"40":{"start":{"line":41,"column":0},"end":{"line":41,"column":0}},"41":{"start":{"line":42,"column":0},"end":{"line":42,"column":82}},"42":{"start":{"line":43,"column":0},"end":{"line":43,"column":0}},"43":{"start":{"line":44,"column":0},"end":{"line":44,"column":66}},"44":{"start":{"line":45,"column":0},"end":{"line":45,"column":0}},"45":{"start":{"line":46,"column":0},"end":{"line":46,"column":6}},"46":{"start":{"line":47,"column":0},"end":{"line":47,"column":47}},"47":{"start":{"line":48,"column":0},"end":{"line":48,"column":48}},"48":{"start":{"line":49,"column":0},"end":{"line":49,"column":32}},"49":{"start":{"line":50,"column":0},"end":{"line":50,"column":37}},"50":{"start":{"line":51,"column":0},"end":{"line":51,"column":35}},"51":{"start":{"line":52,"column":0},"end":{"line":52,"column":0}},"52":{"start":{"line":53,"column":0},"end":{"line":53,"column":59}},"53":{"start":{"line":54,"column":0},"end":{"line":54,"column":1}},"54":{"start":{"line":55,"column":0},"end":{"line":55,"column":12}},"55":{"start":{"line":56,"column":0},"end":{"line":56,"column":5}},"56":{"start":{"line":57,"column":0},"end":{"line":57,"column":41}},"57":{"start":{"line":58,"column":0},"end":{"line":58,"column":39}},"58":{"start":{"line":59,"column":0},"end":{"line":59,"column":61}},"59":{"start":{"line":60,"column":0},"end":{"line":60,"column":47}},"60":{"start":{"line":61,"column":0},"end":{"line":61,"column":5}},"61":{"start":{"line":62,"column":0},"end":{"line":62,"column":4}},"62":{"start":{"line":63,"column":0},"end":{"line":63,"column":53}},"63":{"start":{"line":64,"column":0},"end":{"line":64,"column":3}},"64":{"start":{"line":65,"column":0},"end":{"line":65,"column":0}},"65":{"start":{"line":66,"column":0},"end":{"line":66,"column":84}},"66":{"start":{"line":67,"column":0},"end":{"line":67,"column":0}},"67":{"start":{"line":68,"column":0},"end":{"line":68,"column":62}},"68":{"start":{"line":69,"column":0},"end":{"line":69,"column":0}},"69":{"start":{"line":70,"column":0},"end":{"line":70,"column":52}},"70":{"start":{"line":71,"column":0},"end":{"line":71,"column":48}},"71":{"start":{"line":72,"column":0},"end":{"line":72,"column":55}},"72":{"start":{"line":73,"column":0},"end":{"line":73,"column":45}},"73":{"start":{"line":74,"column":0},"end":{"line":74,"column":52}},"74":{"start":{"line":75,"column":0},"end":{"line":75,"column":0}},"75":{"start":{"line":76,"column":0},"end":{"line":76,"column":37}},"76":{"start":{"line":77,"column":0},"end":{"line":77,"column":1}},"77":{"start":{"line":78,"column":0},"end":{"line":78,"column":12}},"78":{"start":{"line":79,"column":0},"end":{"line":79,"column":5}},"79":{"start":{"line":80,"column":0},"end":{"line":80,"column":46}},"80":{"start":{"line":81,"column":0},"end":{"line":81,"column":46}},"81":{"start":{"line":82,"column":0},"end":{"line":82,"column":26}},"82":{"start":{"line":83,"column":0},"end":{"line":83,"column":60}},"83":{"start":{"line":84,"column":0},"end":{"line":84,"column":5}},"84":{"start":{"line":85,"column":0},"end":{"line":85,"column":4}},"85":{"start":{"line":86,"column":0},"end":{"line":86,"column":41}},"86":{"start":{"line":87,"column":0},"end":{"line":87,"column":3}},"87":{"start":{"line":88,"column":0},"end":{"line":88,"column":0}},"88":{"start":{"line":89,"column":0},"end":{"line":89,"column":88}},"89":{"start":{"line":90,"column":0},"end":{"line":90,"column":0}},"90":{"start":{"line":91,"column":0},"end":{"line":91,"column":70}},"91":{"start":{"line":92,"column":0},"end":{"line":92,"column":0}},"92":{"start":{"line":93,"column":0},"end":{"line":93,"column":19}},"93":{"start":{"line":94,"column":0},"end":{"line":94,"column":30}},"94":{"start":{"line":95,"column":0},"end":{"line":95,"column":23}},"95":{"start":{"line":96,"column":0},"end":{"line":96,"column":48}},"96":{"start":{"line":97,"column":0},"end":{"line":97,"column":28}},"97":{"start":{"line":98,"column":0},"end":{"line":98,"column":0}},"98":{"start":{"line":99,"column":0},"end":{"line":99,"column":78}},"99":{"start":{"line":100,"column":0},"end":{"line":100,"column":1}},"100":{"start":{"line":101,"column":0},"end":{"line":101,"column":16}},"101":{"start":{"line":102,"column":0},"end":{"line":102,"column":40}},"102":{"start":{"line":103,"column":0},"end":{"line":103,"column":39}},"103":{"start":{"line":104,"column":0},"end":{"line":104,"column":43}},"104":{"start":{"line":105,"column":0},"end":{"line":105,"column":65}},"105":{"start":{"line":106,"column":0},"end":{"line":106,"column":4}},"106":{"start":{"line":107,"column":0},"end":{"line":107,"column":10}},"107":{"start":{"line":108,"column":0},"end":{"line":108,"column":14}},"108":{"start":{"line":109,"column":0},"end":{"line":109,"column":7}},"109":{"start":{"line":110,"column":0},"end":{"line":110,"column":43}},"110":{"start":{"line":111,"column":0},"end":{"line":111,"column":52}},"111":{"start":{"line":112,"column":0},"end":{"line":112,"column":42}},"112":{"start":{"line":113,"column":0},"end":{"line":113,"column":49}},"113":{"start":{"line":114,"column":0},"end":{"line":114,"column":7}},"114":{"start":{"line":115,"column":0},"end":{"line":115,"column":5}},"115":{"start":{"line":116,"column":0},"end":{"line":116,"column":4}},"116":{"start":{"line":117,"column":0},"end":{"line":117,"column":59}},"117":{"start":{"line":118,"column":0},"end":{"line":118,"column":3}},"118":{"start":{"line":119,"column":0},"end":{"line":119,"column":0}},"119":{"start":{"line":120,"column":0},"end":{"line":120,"column":88}},"120":{"start":{"line":121,"column":0},"end":{"line":121,"column":0}},"121":{"start":{"line":122,"column":0},"end":{"line":122,"column":63}},"122":{"start":{"line":123,"column":0},"end":{"line":123,"column":0}},"123":{"start":{"line":124,"column":0},"end":{"line":124,"column":16}},"124":{"start":{"line":125,"column":0},"end":{"line":125,"column":33}},"125":{"start":{"line":126,"column":0},"end":{"line":126,"column":22}},"126":{"start":{"line":127,"column":0},"end":{"line":127,"column":35}},"127":{"start":{"line":128,"column":0},"end":{"line":128,"column":24}},"128":{"start":{"line":129,"column":0},"end":{"line":129,"column":22}},"129":{"start":{"line":130,"column":0},"end":{"line":130,"column":28}},"130":{"start":{"line":131,"column":0},"end":{"line":131,"column":26}},"131":{"start":{"line":132,"column":0},"end":{"line":132,"column":29}},"132":{"start":{"line":133,"column":0},"end":{"line":133,"column":0}},"133":{"start":{"line":134,"column":0},"end":{"line":134,"column":42}},"134":{"start":{"line":135,"column":0},"end":{"line":135,"column":1}},"135":{"start":{"line":136,"column":0},"end":{"line":136,"column":26}},"136":{"start":{"line":137,"column":0},"end":{"line":137,"column":15}},"137":{"start":{"line":138,"column":0},"end":{"line":138,"column":5}},"138":{"start":{"line":139,"column":0},"end":{"line":139,"column":21}},"139":{"start":{"line":140,"column":0},"end":{"line":140,"column":26}},"140":{"start":{"line":141,"column":0},"end":{"line":141,"column":39}},"141":{"start":{"line":142,"column":0},"end":{"line":142,"column":44}},"142":{"start":{"line":143,"column":0},"end":{"line":143,"column":36}},"143":{"start":{"line":144,"column":0},"end":{"line":144,"column":28}},"144":{"start":{"line":145,"column":0},"end":{"line":145,"column":5}},"145":{"start":{"line":146,"column":0},"end":{"line":146,"column":4}},"146":{"start":{"line":147,"column":0},"end":{"line":147,"column":34}},"147":{"start":{"line":148,"column":0},"end":{"line":148,"column":56}},"148":{"start":{"line":149,"column":0},"end":{"line":149,"column":3}},"149":{"start":{"line":150,"column":0},"end":{"line":150,"column":0}},"150":{"start":{"line":151,"column":0},"end":{"line":151,"column":92}},"151":{"start":{"line":152,"column":0},"end":{"line":152,"column":0}},"152":{"start":{"line":153,"column":0},"end":{"line":153,"column":91}},"153":{"start":{"line":154,"column":0},"end":{"line":154,"column":0}},"154":{"start":{"line":155,"column":0},"end":{"line":155,"column":17}},"155":{"start":{"line":156,"column":0},"end":{"line":156,"column":83}},"156":{"start":{"line":157,"column":0},"end":{"line":157,"column":62}},"157":{"start":{"line":158,"column":0},"end":{"line":158,"column":81}},"158":{"start":{"line":159,"column":0},"end":{"line":159,"column":62}},"159":{"start":{"line":160,"column":0},"end":{"line":160,"column":47}},"160":{"start":{"line":161,"column":0},"end":{"line":161,"column":0}},"161":{"start":{"line":162,"column":0},"end":{"line":162,"column":72}},"162":{"start":{"line":163,"column":0},"end":{"line":163,"column":38}},"163":{"start":{"line":164,"column":0},"end":{"line":164,"column":42}},"164":{"start":{"line":165,"column":0},"end":{"line":165,"column":60}},"165":{"start":{"line":166,"column":0},"end":{"line":166,"column":0}},"166":{"start":{"line":167,"column":0},"end":{"line":167,"column":50}},"167":{"start":{"line":168,"column":0},"end":{"line":168,"column":1}},"168":{"start":{"line":169,"column":0},"end":{"line":169,"column":17}},"169":{"start":{"line":170,"column":0},"end":{"line":170,"column":42}},"170":{"start":{"line":171,"column":0},"end":{"line":171,"column":38}},"171":{"start":{"line":172,"column":0},"end":{"line":172,"column":36}},"172":{"start":{"line":173,"column":0},"end":{"line":173,"column":36}},"173":{"start":{"line":174,"column":0},"end":{"line":174,"column":4}},"174":{"start":{"line":175,"column":0},"end":{"line":175,"column":16}},"175":{"start":{"line":176,"column":0},"end":{"line":176,"column":5}},"176":{"start":{"line":177,"column":0},"end":{"line":177,"column":54}},"177":{"start":{"line":178,"column":0},"end":{"line":178,"column":32}},"178":{"start":{"line":179,"column":0},"end":{"line":179,"column":64}},"179":{"start":{"line":180,"column":0},"end":{"line":180,"column":44}},"180":{"start":{"line":181,"column":0},"end":{"line":181,"column":5}},"181":{"start":{"line":182,"column":0},"end":{"line":182,"column":4}},"182":{"start":{"line":183,"column":0},"end":{"line":183,"column":81}},"183":{"start":{"line":184,"column":0},"end":{"line":184,"column":48}},"184":{"start":{"line":185,"column":0},"end":{"line":185,"column":3}},"185":{"start":{"line":186,"column":0},"end":{"line":186,"column":2}},"186":{"start":{"line":187,"column":0},"end":{"line":187,"column":0}},"187":{"start":{"line":188,"column":0},"end":{"line":188,"column":3}},"188":{"start":{"line":189,"column":0},"end":{"line":189,"column":34}},"189":{"start":{"line":190,"column":0},"end":{"line":190,"column":3}},"190":{"start":{"line":191,"column":0},"end":{"line":191,"column":35}},"191":{"start":{"line":192,"column":0},"end":{"line":192,"column":24}},"192":{"start":{"line":193,"column":0},"end":{"line":193,"column":35}},"193":{"start":{"line":194,"column":0},"end":{"line":194,"column":11}},"194":{"start":{"line":195,"column":0},"end":{"line":195,"column":50}},"195":{"start":{"line":196,"column":0},"end":{"line":196,"column":75}},"196":{"start":{"line":197,"column":0},"end":{"line":197,"column":18}},"197":{"start":{"line":198,"column":0},"end":{"line":198,"column":0}},"198":{"start":{"line":199,"column":0},"end":{"line":199,"column":65}},"199":{"start":{"line":200,"column":0},"end":{"line":200,"column":0}},"200":{"start":{"line":201,"column":0},"end":{"line":201,"column":23}},"201":{"start":{"line":202,"column":0},"end":{"line":202,"column":16}},"202":{"start":{"line":203,"column":0},"end":{"line":203,"column":0}},"203":{"start":{"line":204,"column":0},"end":{"line":204,"column":32}},"204":{"start":{"line":205,"column":0},"end":{"line":205,"column":8}},"205":{"start":{"line":206,"column":0},"end":{"line":206,"column":0}},"206":{"start":{"line":207,"column":0},"end":{"line":207,"column":59}},"207":{"start":{"line":208,"column":0},"end":{"line":208,"column":1}},"208":{"start":{"line":209,"column":0},"end":{"line":209,"column":0}},"209":{"start":{"line":210,"column":0},"end":{"line":210,"column":3}},"210":{"start":{"line":211,"column":0},"end":{"line":211,"column":38}},"211":{"start":{"line":212,"column":0},"end":{"line":212,"column":3}},"212":{"start":{"line":213,"column":0},"end":{"line":213,"column":33}},"213":{"start":{"line":214,"column":0},"end":{"line":214,"column":20}},"214":{"start":{"line":215,"column":0},"end":{"line":215,"column":26}},"215":{"start":{"line":216,"column":0},"end":{"line":216,"column":36}},"216":{"start":{"line":217,"column":0},"end":{"line":217,"column":11}},"217":{"start":{"line":218,"column":0},"end":{"line":218,"column":51}},"218":{"start":{"line":219,"column":0},"end":{"line":219,"column":60}},"219":{"start":{"line":220,"column":0},"end":{"line":220,"column":18}},"220":{"start":{"line":221,"column":0},"end":{"line":221,"column":0}},"221":{"start":{"line":222,"column":0},"end":{"line":222,"column":39}},"222":{"start":{"line":223,"column":0},"end":{"line":223,"column":0}},"223":{"start":{"line":224,"column":0},"end":{"line":224,"column":21}},"224":{"start":{"line":225,"column":0},"end":{"line":225,"column":18}},"225":{"start":{"line":226,"column":0},"end":{"line":226,"column":0}},"226":{"start":{"line":227,"column":0},"end":{"line":227,"column":17}},"227":{"start":{"line":228,"column":0},"end":{"line":228,"column":8}},"228":{"start":{"line":229,"column":0},"end":{"line":229,"column":0}},"229":{"start":{"line":230,"column":0},"end":{"line":230,"column":75}},"230":{"start":{"line":231,"column":0},"end":{"line":231,"column":1}},"231":{"start":{"line":232,"column":0},"end":{"line":232,"column":0}},"232":{"start":{"line":233,"column":0},"end":{"line":233,"column":3}},"233":{"start":{"line":234,"column":0},"end":{"line":234,"column":40}},"234":{"start":{"line":235,"column":0},"end":{"line":235,"column":3}},"235":{"start":{"line":236,"column":0},"end":{"line":236,"column":34}},"236":{"start":{"line":237,"column":0},"end":{"line":237,"column":21}},"237":{"start":{"line":238,"column":0},"end":{"line":238,"column":24}},"238":{"start":{"line":239,"column":0},"end":{"line":239,"column":24}},"239":{"start":{"line":240,"column":0},"end":{"line":240,"column":11}},"240":{"start":{"line":241,"column":0},"end":{"line":241,"column":66}},"241":{"start":{"line":242,"column":0},"end":{"line":242,"column":0}},"242":{"start":{"line":243,"column":0},"end":{"line":243,"column":24}},"243":{"start":{"line":244,"column":0},"end":{"line":244,"column":16}},"244":{"start":{"line":245,"column":0},"end":{"line":245,"column":16}},"245":{"start":{"line":246,"column":0},"end":{"line":246,"column":6}},"246":{"start":{"line":247,"column":0},"end":{"line":247,"column":2}},"247":{"start":{"line":248,"column":0},"end":{"line":248,"column":0}},"248":{"start":{"line":249,"column":0},"end":{"line":249,"column":22}},"249":{"start":{"line":250,"column":0},"end":{"line":250,"column":15}},"250":{"start":{"line":251,"column":0},"end":{"line":251,"column":17}},"251":{"start":{"line":252,"column":0},"end":{"line":252,"column":16}},"252":{"start":{"line":253,"column":0},"end":{"line":253,"column":16}},"253":{"start":{"line":254,"column":0},"end":{"line":254,"column":6}},"254":{"start":{"line":255,"column":0},"end":{"line":255,"column":0}},"255":{"start":{"line":256,"column":0},"end":{"line":256,"column":54}},"256":{"start":{"line":257,"column":0},"end":{"line":257,"column":10}},"257":{"start":{"line":258,"column":0},"end":{"line":258,"column":72}},"258":{"start":{"line":259,"column":0},"end":{"line":259,"column":3}},"259":{"start":{"line":260,"column":0},"end":{"line":260,"column":0}},"260":{"start":{"line":261,"column":0},"end":{"line":261,"column":16}},"261":{"start":{"line":262,"column":0},"end":{"line":262,"column":1}},"262":{"start":{"line":263,"column":0},"end":{"line":263,"column":0}},"263":{"start":{"line":264,"column":0},"end":{"line":264,"column":3}},"264":{"start":{"line":265,"column":0},"end":{"line":265,"column":36}},"265":{"start":{"line":266,"column":0},"end":{"line":266,"column":3}},"266":{"start":{"line":267,"column":0},"end":{"line":267,"column":36}},"267":{"start":{"line":268,"column":0},"end":{"line":268,"column":27}},"268":{"start":{"line":269,"column":0},"end":{"line":269,"column":21}},"269":{"start":{"line":270,"column":0},"end":{"line":270,"column":35}},"270":{"start":{"line":271,"column":0},"end":{"line":271,"column":11}},"271":{"start":{"line":272,"column":0},"end":{"line":272,"column":50}},"272":{"start":{"line":273,"column":0},"end":{"line":273,"column":60}},"273":{"start":{"line":274,"column":0},"end":{"line":274,"column":18}},"274":{"start":{"line":275,"column":0},"end":{"line":275,"column":0}},"275":{"start":{"line":276,"column":0},"end":{"line":276,"column":45}},"276":{"start":{"line":277,"column":0},"end":{"line":277,"column":0}},"277":{"start":{"line":278,"column":0},"end":{"line":278,"column":8}},"278":{"start":{"line":279,"column":0},"end":{"line":279,"column":19}},"279":{"start":{"line":280,"column":0},"end":{"line":280,"column":0}},"280":{"start":{"line":281,"column":0},"end":{"line":281,"column":14}},"281":{"start":{"line":282,"column":0},"end":{"line":282,"column":13}},"282":{"start":{"line":283,"column":0},"end":{"line":283,"column":0}},"283":{"start":{"line":284,"column":0},"end":{"line":284,"column":23}},"284":{"start":{"line":285,"column":0},"end":{"line":285,"column":8}},"285":{"start":{"line":286,"column":0},"end":{"line":286,"column":0}},"286":{"start":{"line":287,"column":0},"end":{"line":287,"column":52}},"287":{"start":{"line":288,"column":0},"end":{"line":288,"column":1}},"288":{"start":{"line":289,"column":0},"end":{"line":289,"column":0}},"289":{"start":{"line":290,"column":0},"end":{"line":290,"column":3}},"290":{"start":{"line":291,"column":0},"end":{"line":291,"column":35}},"291":{"start":{"line":292,"column":0},"end":{"line":292,"column":3}},"292":{"start":{"line":293,"column":0},"end":{"line":293,"column":36}},"293":{"start":{"line":294,"column":0},"end":{"line":294,"column":19}},"294":{"start":{"line":295,"column":0},"end":{"line":295,"column":21}},"295":{"start":{"line":296,"column":0},"end":{"line":296,"column":11}},"296":{"start":{"line":297,"column":0},"end":{"line":297,"column":44}},"297":{"start":{"line":298,"column":0},"end":{"line":298,"column":0}},"298":{"start":{"line":299,"column":0},"end":{"line":299,"column":20}},"299":{"start":{"line":300,"column":0},"end":{"line":300,"column":16}},"300":{"start":{"line":301,"column":0},"end":{"line":301,"column":14}},"301":{"start":{"line":302,"column":0},"end":{"line":302,"column":6}},"302":{"start":{"line":303,"column":0},"end":{"line":303,"column":0}},"303":{"start":{"line":304,"column":0},"end":{"line":304,"column":61}},"304":{"start":{"line":305,"column":0},"end":{"line":305,"column":1}},"305":{"start":{"line":306,"column":0},"end":{"line":306,"column":0}},"306":{"start":{"line":307,"column":0},"end":{"line":307,"column":3}},"307":{"start":{"line":308,"column":0},"end":{"line":308,"column":42}},"308":{"start":{"line":309,"column":0},"end":{"line":309,"column":3}},"309":{"start":{"line":310,"column":0},"end":{"line":310,"column":38}},"310":{"start":{"line":311,"column":0},"end":{"line":311,"column":16}},"311":{"start":{"line":312,"column":0},"end":{"line":312,"column":16}},"312":{"start":{"line":313,"column":0},"end":{"line":313,"column":17}},"313":{"start":{"line":314,"column":0},"end":{"line":314,"column":22}},"314":{"start":{"line":315,"column":0},"end":{"line":315,"column":11}},"315":{"start":{"line":316,"column":0},"end":{"line":316,"column":79}},"316":{"start":{"line":317,"column":0},"end":{"line":317,"column":0}},"317":{"start":{"line":318,"column":0},"end":{"line":318,"column":25}},"318":{"start":{"line":319,"column":0},"end":{"line":319,"column":8}},"319":{"start":{"line":320,"column":0},"end":{"line":320,"column":0}},"320":{"start":{"line":321,"column":0},"end":{"line":321,"column":15}},"321":{"start":{"line":322,"column":0},"end":{"line":322,"column":8}},"322":{"start":{"line":323,"column":0},"end":{"line":323,"column":0}},"323":{"start":{"line":324,"column":0},"end":{"line":324,"column":17}},"324":{"start":{"line":325,"column":0},"end":{"line":325,"column":9}},"325":{"start":{"line":326,"column":0},"end":{"line":326,"column":0}},"326":{"start":{"line":327,"column":0},"end":{"line":327,"column":23}},"327":{"start":{"line":328,"column":0},"end":{"line":328,"column":15}},"328":{"start":{"line":329,"column":0},"end":{"line":329,"column":0}},"329":{"start":{"line":330,"column":0},"end":{"line":330,"column":87}},"330":{"start":{"line":331,"column":0},"end":{"line":331,"column":1}}},"s":{"0":1,"1":1,"2":1,"3":1,"4":1,"5":1,"6":1,"7":1,"8":1,"9":1,"10":1,"11":1,"12":1,"13":1,"14":1,"15":1,"16":1,"17":1,"18":1,"19":1,"20":1,"21":1,"22":1,"23":1,"24":1,"25":1,"26":1,"27":1,"28":1,"29":1,"30":1,"31":1,"32":1,"33":1,"34":1,"35":1,"36":1,"37":1,"38":1,"39":1,"40":1,"41":1,"42":1,"43":1,"44":1,"45":1,"46":1,"47":1,"48":1,"49":1,"50":1,"51":1,"52":1,"53":1,"54":1,"55":1,"56":1,"57":1,"58":1,"59":1,"60":1,"61":1,"62":1,"63":1,"64":1,"65":1,"66":1,"67":1,"68":1,"69":1,"70":1,"71":1,"72":1,"73":1,"74":1,"75":1,"76":1,"77":1,"78":1,"79":1,"80":1,"81":1,"82":1,"83":1,"84":1,"85":1,"86":1,"87":1,"88":1,"89":1,"90":1,"91":1,"92":1,"93":1,"94":1,"95":1,"96":1,"97":1,"98":1,"99":1,"100":1,"101":1,"102":1,"103":1,"104":1,"105":1,"106":1,"107":1,"108":1,"109":1,"110":1,"111":1,"112":1,"113":1,"114":1,"115":1,"116":1,"117":1,"118":1,"119":1,"120":1,"121":1,"122":1,"123":1,"124":1,"125":1,"126":1,"127":1,"128":1,"129":1,"130":1,"131":1,"132":1,"133":1,"134":1,"135":1,"136":1,"137":1,"138":1,"139":1,"140":1,"141":1,"142":1,"143":1,"144":1,"145":1,"146":1,"147":1,"148":1,"149":1,"150":1,"151":1,"152":1,"153":1,"154":1,"155":1,"156":1,"157":1,"158":1,"159":1,"160":1,"161":1,"162":1,"163":1,"164":1,"165":1,"166":1,"167":1,"168":1,"169":1,"170":1,"171":1,"172":1,"173":1,"174":1,"175":1,"176":1,"177":1,"178":1,"179":1,"180":1,"181":1,"182":1,"183":1,"184":1,"185":1,"186":1,"187":1,"188":1,"189":1,"190":0,"191":0,"192":0,"193":0,"194":0,"195":0,"196":0,"197":0,"198":0,"199":0,"200":0,"201":0,"202":0,"203":0,"204":0,"205":0,"206":0,"207":0,"208":1,"209":1,"210":1,"211":1,"212":0,"213":0,"214":0,"215":0,"216":0,"217":0,"218":0,"219":0,"220":0,"221":0,"222":0,"223":0,"224":0,"225":0,"226":0,"227":0,"228":0,"229":0,"230":0,"231":1,"232":1,"233":1,"234":1,"235":0,"236":0,"237":0,"238":0,"239":0,"240":0,"241":0,"242":0,"243":0,"244":0,"245":0,"246":0,"247":0,"248":0,"249":0,"250":0,"251":0,"252":0,"253":0,"254":0,"255":0,"256":0,"257":0,"258":0,"259":0,"260":0,"261":0,"262":1,"263":1,"264":1,"265":1,"266":0,"267":0,"268":0,"269":0,"270":0,"271":0,"272":0,"273":0,"274":0,"275":0,"276":0,"277":0,"278":0,"279":0,"280":0,"281":0,"282":0,"283":0,"284":0,"285":0,"286":0,"287":0,"288":1,"289":1,"290":1,"291":1,"292":0,"293":0,"294":0,"295":0,"296":0,"297":0,"298":0,"299":0,"300":0,"301":0,"302":0,"303":0,"304":0,"305":1,"306":1,"307":1,"308":1,"309":0,"310":0,"311":0,"312":0,"313":0,"314":0,"315":0,"316":0,"317":0,"318":0,"319":0,"320":0,"321":0,"322":0,"323":0,"324":0,"325":0,"326":0,"327":0,"328":0,"329":0,"330":0},"branchMap":{},"b":{},"fnMap":{"0":{"name":"buildPlannerPrompt","decl":{"start":{"line":191,"column":0},"end":{"line":208,"column":1}},"loc":{"start":{"line":191,"column":0},"end":{"line":208,"column":1}},"line":191},"1":{"name":"buildCoderPrompt","decl":{"start":{"line":213,"column":0},"end":{"line":231,"column":1}},"loc":{"start":{"line":213,"column":0},"end":{"line":231,"column":1}},"line":213},"2":{"name":"buildTesterPrompt","decl":{"start":{"line":236,"column":0},"end":{"line":262,"column":1}},"loc":{"start":{"line":236,"column":0},"end":{"line":262,"column":1}},"line":236},"3":{"name":"buildDebuggerPrompt","decl":{"start":{"line":267,"column":0},"end":{"line":288,"column":1}},"loc":{"start":{"line":267,"column":0},"end":{"line":288,"column":1}},"line":267},"4":{"name":"buildReviewerPrompt","decl":{"start":{"line":293,"column":0},"end":{"line":305,"column":1}},"loc":{"start":{"line":293,"column":0},"end":{"line":305,"column":1}},"line":293},"5":{"name":"buildSupervisorPrompt","decl":{"start":{"line":310,"column":0},"end":{"line":331,"column":1}},"loc":{"start":{"line":310,"column":0},"end":{"line":331,"column":1}},"line":310}},"f":{"0":0,"1":0,"2":0,"3":0,"4":0,"5":0}}
}
